<?xml version="1.0" encoding="UTF-8"?>
<!-- Generated by org.testng.reporters.JUnitReportReporter -->
<testsuite hostname="DESKTOP-30EK6F0" failures="0" tests="3" name="com.actitime.testscript.Odemo2" time="0.010" errors="0" timestamp="2022-09-16T22:07:04 IST" skipped="1">
  <testcase classname="com.actitime.testscript.Odemo2" name="check2" time="0.007"/>
  <system-out>
    <![CDATA[2Java
2Manual]]>
  </system-out>
  <testcase classname="com.actitime.testscript.Odemo2" name="test2" time="0.003"/>
  <system-out>
    <![CDATA[2Hii
2How
2You]]>
  </system-out>
  <testcase classname="com.actitime.testscript.Odemo2" name="validate2">
    <skipped/>
  </testcase> <!-- validate2 -->
  <system-out/>
</testsuite> <!-- com.actitime.testscript.Odemo2 -->
