<?xml version="1.0" encoding="UTF-8"?>
<!-- Generated by org.testng.reporters.JUnitReportReporter -->
<testsuite hostname="DESKTOP-30EK6F0" failures="0" tests="1" name="com.actitime.testscript.Test1" time="4.286" errors="0" timestamp="2022-09-17T00:45:30 IST" skipped="0">
  <testcase classname="com.actitime.testscript.Test1" name="verify" time="4.286"/>
  <system-out>
    <![CDATA[Fail]]>
  </system-out>
</testsuite> <!-- com.actitime.testscript.Test1 -->
