<?xml version="1.0" encoding="UTF-8"?>
<!-- Generated by org.testng.reporters.JUnitReportReporter -->
<testsuite hostname="DESKTOP-30EK6F0" failures="0" tests="3" name="com.actitime.testscript.Kdemo1" time="0.026" errors="0" timestamp="2022-09-16T22:07:04 IST" skipped="0">
  <testcase classname="com.actitime.testscript.Kdemo1" name="check1" time="0.016"/>
  <system-out>
    <![CDATA[1Java
1Manual]]>
  </system-out>
  <testcase classname="com.actitime.testscript.Kdemo1" name="validate" time="0.001"/>
  <system-out>
    <![CDATA[1Automation]]>
  </system-out>
  <testcase classname="com.actitime.testscript.Kdemo1" name="test1" time="0.009"/>
  <system-out>
    <![CDATA[1Hii
1How
1You]]>
  </system-out>
</testsuite> <!-- com.actitime.testscript.Kdemo1 -->
