<?xml version="1.0" encoding="UTF-8"?>
<!-- Generated by org.testng.reporters.JUnitReportReporter -->
<testsuite hostname="DESKTOP-30EK6F0" failures="0" tests="1" name="DemoTestNG1" time="0.016" errors="0" timestamp="2022-09-14T22:57:35 IST" skipped="0">
  <testcase classname="DemoTestNG1" name="test" time="0.016"/>
  <system-out>
    <![CDATA[hkhl
koo]]>
  </system-out>
</testsuite> <!-- DemoTestNG1 -->
